#
# A fatal error has been detected by the Java Runtime Environment:
#
#  EXCEPTION_ACCESS_VIOLATION (0xc0000005) at pc=0x00007ff84fd31675, pid=17112, tid=6204
#
# JRE version: OpenJDK Runtime Environment Temurin-21.0.4+7 (21.0.4+7) (build 21.0.4+7-LTS)
# Java VM: OpenJDK 64-Bit Server VM Temurin-21.0.4+7 (21.0.4+7-LTS, mixed mode, sharing, tiered, compressed oops, compressed class ptrs, g1 gc, windows-amd64)
# Problematic frame:
# C  [atio6axx.dll+0x1bc1675]
#
# No core dump will be written. Minidumps are not enabled by default on client versions of Windows
#
# If you would like to submit a bug report, please visit:
#   https://github.com/adoptium/adoptium-support/issues
# The crash happened outside the Java Virtual Machine in native code.
# See problematic frame for where to report the bug.
#

---------------  S U M M A R Y ------------

Command Line: -Dfile.encoding=UTF-8 -Duser.country=US -Duser.language=en -Duser.variant ch.fhnw.comgr.OpenGL

Host: AMD Ryzen 7 PRO 4750U with Radeon Graphics, 16 cores, 31G,  Windows 11 , 64 bit Build 22621 (10.0.22621.4391)
Time: Mon Dec  9 09:17:58 2024 W. Europe Standard Time elapsed time: 1.664059 seconds (0d 0h 0m 1s)

---------------  T H R E A D  ---------------

Current thread (0x00000231cd43f810):  JavaThread "main"             [_thread_in_native, id=6204, stack(0x000000d4bf400000,0x000000d4bf500000) (1024K)]

Stack: [0x000000d4bf400000,0x000000d4bf500000],  sp=0x000000d4bf4fe648,  free space=1017k
Native frames: (J=compiled Java code, j=interpreted, Vv=VM code, C=native code)
C  [atio6axx.dll+0x1bc1675]

Java frames: (J=compiled Java code, j=interpreted, Vv=VM code)
j  org.lwjgl.system.JNI.callPV(IIIIIIII[IJ)V+0
j  org.lwjgl.opengl.GL11C.glTexImage2D(IIIIIIII[I)V+36
j  org.lwjgl.opengl.GL11.glTexImage2D(IIIIIIII[I)V+14
j  ch.fhnw.comgr.OpenGL.main([Ljava/lang/String;)V+534
v  ~StubRoutines::call_stub 0x00000231df1a100d

siginfo: EXCEPTION_ACCESS_VIOLATION (0xc0000005), reading address 0x0000023207b05ff0


Registers:
RAX=0x0000023207b06040, RBX=0x00000231c31f6910, RCX=0x0000023208b0efb0, RDX=0xfffffffffeff7000
RSP=0x000000d4bf4fe648, RBP=0x0000000000006000, RSI=0x00000231f47b5a48, RDI=0x0000000003000000
R8 =0x0000000002fffff0, R9 =0x000000000002011f, R10=0x0000023206afd040, R11=0x0000023207b06040
R12=0x000000d4bf4fe7b0, R13=0x0000023206afd040, R14=0x00000231f47b5a48, R15=0x0000000000006000
RIP=0x00007ff84fd31675, EFLAGS=0x0000000000010202


Register to memory mapping:

RAX=0x0000023207b06040 points into unknown readable memory: 0x0000000000000000 | 00 00 00 00 00 00 00 00
RBX=0x00000231c31f6910 points into unknown readable memory: 0x0000080000000001 | 01 00 00 00 00 08 00 00
RCX=0x0000023208b0efb0 points into unknown readable memory: 0x0000000000000000 | 00 00 00 00 00 00 00 00
RDX=0xfffffffffeff7000 is an unknown value
RSP=0x000000d4bf4fe648 is pointing into the stack for thread: 0x00000231cd43f810
RBP=0x0000000000006000 is an unknown value
RSI=0x00000231f47b5a48 points into unknown readable memory: 0x0000000003000000 | 00 00 00 03 00 00 00 00
RDI=0x0000000003000000 is an unknown value
R8 =0x0000000002fffff0 is an unknown value
R9 =0x000000000002011f is an unknown value
R10=0x0000023206afd040 points into unknown readable memory: 0x0000000000000000 | 00 00 00 00 00 00 00 00
R11=0x0000023207b06040 points into unknown readable memory: 0x0000000000000000 | 00 00 00 00 00 00 00 00
R12=0x000000d4bf4fe7b0 is pointing into the stack for thread: 0x00000231cd43f810
R13=0x0000023206afd040 points into unknown readable memory: 0x0000000000000000 | 00 00 00 00 00 00 00 00
R14=0x00000231f47b5a48 points into unknown readable memory: 0x0000000003000000 | 00 00 00 03 00 00 00 00
R15=0x0000000000006000 is an unknown value

Top of Stack: (sp=0x000000d4bf4fe648)
0x000000d4bf4fe648:   00007ff84f5c3020 00000231cd2e0000
0x000000d4bf4fe658:   00007ff800000002 00000231fc7b92a0
0x000000d4bf4fe668:   00000231fc950028 00007ff850c20d3c
0x000000d4bf4fe678:   00000000000021b8 00000231fcaf0100
0x000000d4bf4fe688:   00000231fc7b92a0 00000231fc7b92a0
0x000000d4bf4fe698:   000000d4bf4fe8c8 0000000000000800
0x000000d4bf4fe6a8:   0000000000000000 0000000000000001
0x000000d4bf4fe6b8:   00000231fc7b92a0 00000231fc927340
0x000000d4bf4fe6c8:   00007ff84f54db3c 00000231c31f6901
0x000000d4bf4fe6d8:   00000231fc927340 00000231c42b04b0
0x000000d4bf4fe6e8:   3f8000003f800000 0000000000000001
0x000000d4bf4fe6f8:   0000000000000000 3f8000000000003f
0x000000d4bf4fe708:   3f8000003f800000 0000023206afd040
0x000000d4bf4fe718:   0000023100000001 0000000000000000
0x000000d4bf4fe728:   0000000000000000 0000023100006000
0x000000d4bf4fe738:   0000000000000000 000000d400000000
0x000000d4bf4fe748:   00007ff800000000 0000000000000000
0x000000d4bf4fe758:   0000000000000030 0000000000000000
0x000000d4bf4fe768:   0000000000000000 00000231fc950028
0x000000d4bf4fe778:   0000000000000000 0000000000006000
0x000000d4bf4fe788:   00000231fc927340 000000000000003f
0x000000d4bf4fe798:   000000d4bf4fe8e0 00000231c42b04b0
0x000000d4bf4fe7a8:   00007ff84f529d8e 00000231c42b04b0
0x000000d4bf4fe7b8:   00000231fc927340 0000000000000800
0x000000d4bf4fe7c8:   0000000600000000 000000d400000800
0x000000d4bf4fe7d8:   0000023200000800 000000d400000001
0x000000d4bf4fe7e8:   0000000000000000 000000d40000003f
0x000000d4bf4fe7f8:   000000d40000003f 000000d4bf4fea00
0x000000d4bf4fe808:   0000023206afd040 000000d400000001
0x000000d4bf4fe818:   00007ff8030b4900 00000231cd43f801
0x000000d4bf4fe828:   00007ff800000001 0000000000000000
0x000000d4bf4fe838:   000000d4bf4fe8c8 ffffffff00006000 

Instructions: (pc=0x00007ff84fd31675)
0x00007ff84fd31575:   8b d9 49 c1 eb 04 47 8b 9c 9a 88 90 d7 02 4d 03
0x00007ff84fd31585:   da 41 ff e3 f3 42 0f 6f 4c 0a 80 f3 42 0f 7f 4c
0x00007ff84fd31595:   09 80 f3 42 0f 6f 4c 0a 90 f3 42 0f 7f 4c 09 90
0x00007ff84fd315a5:   f3 42 0f 6f 4c 0a a0 f3 42 0f 7f 4c 09 a0 f3 42
0x00007ff84fd315b5:   0f 6f 4c 0a b0 f3 42 0f 7f 4c 09 b0 f3 42 0f 6f
0x00007ff84fd315c5:   4c 0a c0 f3 42 0f 7f 4c 09 c0 f3 42 0f 6f 4c 0a
0x00007ff84fd315d5:   d0 f3 42 0f 7f 4c 09 d0 f3 42 0f 6f 4c 0a e0 f3
0x00007ff84fd315e5:   42 0f 7f 4c 09 e0 f3 42 0f 7f 6c 01 f0 f3 0f 7f
0x00007ff84fd315f5:   00 c3 66 0f 1f 84 00 00 00 00 00 4c 8b d9 4c 8b
0x00007ff84fd31605:   d2 48 2b d1 49 03 c8 0f 10 44 11 f0 48 83 e9 10
0x00007ff84fd31615:   49 83 e8 10 f6 c1 0f 74 17 48 8b c1 48 83 e1 f0
0x00007ff84fd31625:   0f 10 c8 0f 10 04 11 0f 11 08 4c 8b c1 4d 2b c3
0x00007ff84fd31635:   4d 8b c8 49 c1 e9 07 74 6f 0f 29 01 eb 14 66 66
0x00007ff84fd31645:   66 66 66 0f 1f 84 00 00 00 00 00 0f 29 41 10 0f
0x00007ff84fd31655:   29 09 0f 10 44 11 f0 0f 10 4c 11 e0 48 81 e9 80
0x00007ff84fd31665:   00 00 00 0f 29 41 70 0f 29 49 60 0f 10 44 11 50
0x00007ff84fd31675:   0f 10 4c 11 40 49 ff c9 0f 29 41 50 0f 29 49 40
0x00007ff84fd31685:   0f 10 44 11 30 0f 10 4c 11 20 0f 29 41 30 0f 29
0x00007ff84fd31695:   49 20 0f 10 44 11 10 0f 10 0c 11 75 ae 0f 29 41
0x00007ff84fd316a5:   10 49 83 e0 7f 0f 28 c1 4d 8b c8 49 c1 e9 04 74
0x00007ff84fd316b5:   1a 66 66 0f 1f 84 00 00 00 00 00 0f 11 01 48 83
0x00007ff84fd316c5:   e9 10 0f 10 04 11 49 ff c9 75 f0 49 83 e0 0f 74
0x00007ff84fd316d5:   08 41 0f 10 0a 41 0f 11 0b 0f 11 01 49 8b c3 c3
0x00007ff84fd316e5:   cc cc cc 48 89 5c 24 18 48 89 74 24 20 57 48 83
0x00007ff84fd316f5:   ec 50 48 8b da 48 8b f1 bf 20 05 93 19 48 85 d2
0x00007ff84fd31705:   74 1d f6 02 10 74 18 48 8b 09 48 83 e9 08 48 8b
0x00007ff84fd31715:   01 48 8b 58 30 48 8b 40 40 ff 15 bc 91 18 00 48
0x00007ff84fd31725:   8d 54 24 20 48 8b cb ff 15 4e 8e 18 00 48 89 44
0x00007ff84fd31735:   24 20 48 85 db 74 0f f6 03 08 75 05 48 85 c0 75
0x00007ff84fd31745:   05 bf 00 40 99 01 ba 01 00 00 00 48 89 7c 24 28
0x00007ff84fd31755:   4c 8d 4c 24 28 48 89 74 24 30 b9 63 73 6d e0 48
0x00007ff84fd31765:   89 5c 24 38 48 89 44 24 40 44 8d 42 03 ff 15 10 


Stack slot to memory mapping:

stack at sp + 0 slots: 0x00007ff84f5c3020 atio6axx.dll
stack at sp + 1 slots: 0x00000231cd2e0000 points into unknown readable memory: 0x0000000000000000 | 00 00 00 00 00 00 00 00
stack at sp + 2 slots: 0x00007ff800000002 is an unknown value
stack at sp + 3 slots: 0x00000231fc7b92a0 points into unknown readable memory: 0x00007ff850976cf0 | f0 6c 97 50 f8 7f 00 00
stack at sp + 4 slots: 0x00000231fc950028 points into unknown readable memory: 0x0000000000000000 | 00 00 00 00 00 00 00 00
stack at sp + 5 slots: 0x00007ff850c20d3c atio6axx.dll
stack at sp + 6 slots: 0x00000000000021b8 is an unknown value
stack at sp + 7 slots: 0x00000231fcaf0100 points into unknown readable memory: 0x00000231fcace000 | 00 e0 ac fc 31 02 00 00


---------------  P R O C E S S  ---------------

Threads class SMR info:
_java_thread_list=0x00000231c6f3ca40, length=22, elements={
0x00000231cd43f810, 0x00000231f42ecb40, 0x00000231f42eda60, 0x00000231f42efb60,
0x00000231f42f2700, 0x00000231f42fa4b0, 0x00000231f42f3840, 0x00000231f4323b10,
0x00000231f432e5d0, 0x00000231f43f2fd0, 0x00000231f4493c50, 0x00000231f4495ca0,
0x00000231fd284580, 0x00000231f43f4440, 0x00000231f43f0dc0, 0x00000231f43f2900,
0x00000231f43f2230, 0x00000231f43f36a0, 0x00000231f43f3d70, 0x00000231f43f1490,
0x00000231f43f1b60, 0x00000231c7ccc710
}

Java Threads: ( => current thread )
=>0x00000231cd43f810 JavaThread "main"                              [_thread_in_native, id=6204, stack(0x000000d4bf400000,0x000000d4bf500000) (1024K)]
  0x00000231f42ecb40 JavaThread "Reference Handler"          daemon [_thread_blocked, id=6776, stack(0x000000d4bfc00000,0x000000d4bfd00000) (1024K)]
  0x00000231f42eda60 JavaThread "Finalizer"                  daemon [_thread_blocked, id=21540, stack(0x000000d4bfd00000,0x000000d4bfe00000) (1024K)]
  0x00000231f42efb60 JavaThread "Signal Dispatcher"          daemon [_thread_blocked, id=25072, stack(0x000000d4bfe00000,0x000000d4bff00000) (1024K)]
  0x00000231f42f2700 JavaThread "Attach Listener"            daemon [_thread_blocked, id=16524, stack(0x000000d4bff00000,0x000000d4c0000000) (1024K)]
  0x00000231f42fa4b0 JavaThread "Service Thread"             daemon [_thread_blocked, id=3804, stack(0x000000d4c0000000,0x000000d4c0100000) (1024K)]
  0x00000231f42f3840 JavaThread "Monitor Deflation Thread"   daemon [_thread_blocked, id=26128, stack(0x000000d4c0100000,0x000000d4c0200000) (1024K)]
  0x00000231f4323b10 JavaThread "C2 CompilerThread0"         daemon [_thread_blocked, id=4148, stack(0x000000d4c0200000,0x000000d4c0300000) (1024K)]
  0x00000231f432e5d0 JavaThread "C1 CompilerThread0"         daemon [_thread_blocked, id=16648, stack(0x000000d4c0300000,0x000000d4c0400000) (1024K)]
  0x00000231f43f2fd0 JavaThread "C1 CompilerThread1"         daemon [_thread_blocked, id=10580, stack(0x000000d4c0400000,0x000000d4c0500000) (1024K)]
  0x00000231f4493c50 JavaThread "Notification Thread"        daemon [_thread_blocked, id=6700, stack(0x000000d4c0500000,0x000000d4c0600000) (1024K)]
  0x00000231f4495ca0 JavaThread "Common-Cleaner"             daemon [_thread_blocked, id=24784, stack(0x000000d4c0600000,0x000000d4c0700000) (1024K)]
  0x00000231fd284580 JavaThread "Java2D Disposer"            daemon [_thread_blocked, id=16776, stack(0x000000d4c0700000,0x000000d4c0800000) (1024K)]
  0x00000231f43f4440 JavaThread "C2 CompilerThread1"         daemon [_thread_in_native, id=22028, stack(0x000000d4c0b00000,0x000000d4c0c00000) (1024K)]
  0x00000231f43f0dc0 JavaThread "C2 CompilerThread2"         daemon [_thread_in_native, id=6532, stack(0x000000d4c1700000,0x000000d4c1800000) (1024K)]
  0x00000231f43f2900 JavaThread "C2 CompilerThread3"         daemon [_thread_in_native, id=13932, stack(0x000000d4c1800000,0x000000d4c1900000) (1024K)]
  0x00000231f43f2230 JavaThread "C2 CompilerThread4"         daemon [_thread_in_native, id=7552, stack(0x000000d4c1900000,0x000000d4c1a00000) (1024K)]
  0x00000231f43f36a0 JavaThread "C2 CompilerThread5"         daemon [_thread_in_native, id=17856, stack(0x000000d4c1a00000,0x000000d4c1b00000) (1024K)]
  0x00000231f43f3d70 JavaThread "C2 CompilerThread6"         daemon [_thread_blocked, id=21580, stack(0x000000d4c1b00000,0x000000d4c1c00000) (1024K)]
  0x00000231f43f1490 JavaThread "C1 CompilerThread2"         daemon [_thread_blocked, id=17832, stack(0x000000d4c1c00000,0x000000d4c1d00000) (1024K)]
  0x00000231f43f1b60 JavaThread "C1 CompilerThread3"         daemon [_thread_blocked, id=3168, stack(0x000000d4c1d00000,0x000000d4c1e00000) (1024K)]
  0x00000231c7ccc710 JavaThread "C2 CompilerThread7"         daemon [_thread_blocked, id=23588, stack(0x000000d4c1e00000,0x000000d4c1f00000) (1024K)]
Total: 22

Other Threads:
  0x00000231f3614370 VMThread "VM Thread"                           [id=25256, stack(0x000000d4bfb00000,0x000000d4bfc00000) (1024K)]
  0x00000231f35f8830 WatcherThread "VM Periodic Task Thread"        [id=29264, stack(0x000000d4bfa00000,0x000000d4bfb00000) (1024K)]
  0x00000231cf721bc0 WorkerThread "GC Thread#0"                     [id=1272, stack(0x000000d4bf500000,0x000000d4bf600000) (1024K)]
  0x00000231c31f9e40 WorkerThread "GC Thread#1"                     [id=26460, stack(0x000000d4c0c00000,0x000000d4c0d00000) (1024K)]
  0x00000231c31fa1e0 WorkerThread "GC Thread#2"                     [id=24072, stack(0x000000d4c0d00000,0x000000d4c0e00000) (1024K)]
  0x00000231c33247c0 WorkerThread "GC Thread#3"                     [id=2000, stack(0x000000d4c0e00000,0x000000d4c0f00000) (1024K)]
  0x00000231c3324b60 WorkerThread "GC Thread#4"                     [id=14820, stack(0x000000d4c0f00000,0x000000d4c1000000) (1024K)]
  0x00000231c42b20b0 WorkerThread "GC Thread#5"                     [id=4532, stack(0x000000d4c1000000,0x000000d4c1100000) (1024K)]
  0x00000231c33f0370 WorkerThread "GC Thread#6"                     [id=3236, stack(0x000000d4c1100000,0x000000d4c1200000) (1024K)]
  0x00000231c33f0f30 WorkerThread "GC Thread#7"                     [id=23676, stack(0x000000d4c1200000,0x000000d4c1300000) (1024K)]
  0x00000231c3fcd5f0 WorkerThread "GC Thread#8"                     [id=20696, stack(0x000000d4c1300000,0x000000d4c1400000) (1024K)]
  0x00000231c4200150 WorkerThread "GC Thread#9"                     [id=26284, stack(0x000000d4c1400000,0x000000d4c1500000) (1024K)]
  0x00000231c4200890 WorkerThread "GC Thread#10"                    [id=2336, stack(0x000000d4c1500000,0x000000d4c1600000) (1024K)]
  0x00000231c4200c30 WorkerThread "GC Thread#11"                    [id=19904, stack(0x000000d4c1600000,0x000000d4c1700000) (1024K)]
  0x00000231cf733580 ConcurrentGCThread "G1 Main Marker"            [id=21124, stack(0x000000d4bf600000,0x000000d4bf700000) (1024K)]
  0x00000231cf734230 WorkerThread "G1 Conc#0"                       [id=27868, stack(0x000000d4bf700000,0x000000d4bf800000) (1024K)]
  0x00000231f34cb420 ConcurrentGCThread "G1 Refine#0"               [id=5796, stack(0x000000d4bf800000,0x000000d4bf900000) (1024K)]
  0x00000231f34cbf90 ConcurrentGCThread "G1 Service"                [id=12208, stack(0x000000d4bf900000,0x000000d4bfa00000) (1024K)]
Total: 18

Threads with active compile tasks:
C2 CompilerThread1     1720 1047       4       javax.imageio.stream.FileCacheImageInputStream::readUntil (122 bytes)
C2 CompilerThread2     1720 1050       4       java.io.BufferedInputStream::implRead (112 bytes)
C2 CompilerThread3     1720 1060       4       java.io.SequenceInputStream::read (68 bytes)
C2 CompilerThread4     1720 1049   !   4       java.io.BufferedInputStream::read (69 bytes)
C2 CompilerThread5     1720 1048       4       javax.imageio.stream.FileCacheImageInputStream::read (128 bytes)
Total: 5

VM state: not at safepoint (normal execution)

VM Mutex/Monitor currently owned by a thread: None

Heap address: 0x000000060c400000, size: 7996 MB, Compressed Oops mode: Zero based, Oop shift amount: 3

CDS archive(s) mapped at: [0x0000023180000000-0x0000023180c90000-0x0000023180c90000), size 13172736, SharedBaseAddress: 0x0000023180000000, ArchiveRelocationMode: 1.
Compressed class space mapped at: 0x0000023181000000-0x00000231c1000000, reserved size: 1073741824
Narrow klass base: 0x0000023180000000, Narrow klass shift: 0, Narrow klass range: 0x100000000

GC Precious Log:
 CardTable entry size: 512
 Card Set container configuration: InlinePtr #cards 4 size 8 Array Of Cards #cards 32 size 80 Howl #buckets 8 coarsen threshold 7372 Howl Bitmap #cards 1024 size 144 coarsen threshold 921 Card regions per heap region 1 cards per card region 8192
 CPUs: 16 total, 16 available
 Memory: 31975M
 Large Page Support: Disabled
 NUMA Support: Disabled
 Compressed Oops: Enabled (Zero based)
 Heap Region Size: 4M
 Heap Min Capacity: 8M
 Heap Initial Capacity: 500M
 Heap Max Capacity: 7996M
 Pre-touch: Disabled
 Parallel Workers: 13
 Concurrent Workers: 3
 Concurrent Refinement Workers: 13
 Periodic GC: Disabled

Heap:
 garbage-first heap   total 512000K, used 166893K [0x000000060c400000, 0x0000000800000000)
  region size 4096K, 27 young (110592K), 1 survivors (4096K)
 Metaspace       used 6488K, committed 6720K, reserved 1114112K
  class space    used 403K, committed 512K, reserved 1048576K

Heap Regions: E=young(eden), S=young(survivor), O=old, HS=humongous(starts), HC=humongous(continues), CS=collection set, F=free, TAMS=top-at-mark-start, PB=parsable bottom
|   0|0x000000060c400000, 0x000000060c800000, 0x000000060c800000|100%|HS|  |TAMS 0x000000060c400000| PB 0x000000060c400000| Complete 
|   1|0x000000060c800000, 0x000000060cc00000, 0x000000060cc00000|100%|HC|  |TAMS 0x000000060c800000| PB 0x000000060c800000| Complete 
|   2|0x000000060cc00000, 0x000000060d000000, 0x000000060d000000|100%|HC|  |TAMS 0x000000060cc00000| PB 0x000000060cc00000| Complete 
|   3|0x000000060d000000, 0x000000060d400000, 0x000000060d400000|100%|HC|  |TAMS 0x000000060d000000| PB 0x000000060d000000| Complete 
|   4|0x000000060d400000, 0x000000060d800000, 0x000000060d800000|100%|HC|  |TAMS 0x000000060d400000| PB 0x000000060d400000| Complete 
|   5|0x000000060d800000, 0x000000060dc00000, 0x000000060dc00000|100%|HS|  |TAMS 0x000000060d800000| PB 0x000000060d800000| Complete 
|   6|0x000000060dc00000, 0x000000060e000000, 0x000000060e000000|100%|HC|  |TAMS 0x000000060dc00000| PB 0x000000060dc00000| Complete 
|   7|0x000000060e000000, 0x000000060e400000, 0x000000060e400000|100%|HC|  |TAMS 0x000000060e000000| PB 0x000000060e000000| Complete 
|   8|0x000000060e400000, 0x000000060e800000, 0x000000060e800000|100%|HC|  |TAMS 0x000000060e400000| PB 0x000000060e400000| Complete 
|   9|0x000000060e800000, 0x000000060ec00000, 0x000000060ec00000|100%|HC|  |TAMS 0x000000060e800000| PB 0x000000060e800000| Complete 
|  10|0x000000060ec00000, 0x000000060f000000, 0x000000060f000000|100%|HS|  |TAMS 0x000000060ec00000| PB 0x000000060ec00000| Complete 
|  11|0x000000060f000000, 0x000000060f400000, 0x000000060f400000|100%|HC|  |TAMS 0x000000060f000000| PB 0x000000060f000000| Complete 
|  12|0x000000060f400000, 0x000000060f800000, 0x000000060f800000|100%|HC|  |TAMS 0x000000060f400000| PB 0x000000060f400000| Complete 
|  13|0x000000060f800000, 0x000000060fc00000, 0x000000060fc00000|100%|HC|  |TAMS 0x000000060f800000| PB 0x000000060f800000| Complete 
|  14|0x000000060fc00000, 0x0000000610000000, 0x0000000610000000|100%|HC|  |TAMS 0x000000060fc00000| PB 0x000000060fc00000| Complete 
|  15|0x0000000610000000, 0x0000000610000000, 0x0000000610400000|  0%| F|  |TAMS 0x0000000610000000| PB 0x0000000610000000| Untracked 
|  16|0x0000000610400000, 0x0000000610400000, 0x0000000610800000|  0%| F|  |TAMS 0x0000000610400000| PB 0x0000000610400000| Untracked 
|  17|0x0000000610800000, 0x0000000610800000, 0x0000000610c00000|  0%| F|  |TAMS 0x0000000610800000| PB 0x0000000610800000| Untracked 
|  18|0x0000000610c00000, 0x0000000610c00000, 0x0000000611000000|  0%| F|  |TAMS 0x0000000610c00000| PB 0x0000000610c00000| Untracked 
|  19|0x0000000611000000, 0x0000000611000000, 0x0000000611400000|  0%| F|  |TAMS 0x0000000611000000| PB 0x0000000611000000| Untracked 
|  20|0x0000000611400000, 0x0000000611400000, 0x0000000611800000|  0%| F|  |TAMS 0x0000000611400000| PB 0x0000000611400000| Untracked 
|  21|0x0000000611800000, 0x0000000611800000, 0x0000000611c00000|  0%| F|  |TAMS 0x0000000611800000| PB 0x0000000611800000| Untracked 
|  22|0x0000000611c00000, 0x0000000611c00000, 0x0000000612000000|  0%| F|  |TAMS 0x0000000611c00000| PB 0x0000000611c00000| Untracked 
|  23|0x0000000612000000, 0x0000000612000000, 0x0000000612400000|  0%| F|  |TAMS 0x0000000612000000| PB 0x0000000612000000| Untracked 
|  24|0x0000000612400000, 0x0000000612400000, 0x0000000612800000|  0%| F|  |TAMS 0x0000000612400000| PB 0x0000000612400000| Untracked 
|  25|0x0000000612800000, 0x0000000612800000, 0x0000000612c00000|  0%| F|  |TAMS 0x0000000612800000| PB 0x0000000612800000| Untracked 
|  26|0x0000000612c00000, 0x0000000612c00000, 0x0000000613000000|  0%| F|  |TAMS 0x0000000612c00000| PB 0x0000000612c00000| Untracked 
|  27|0x0000000613000000, 0x0000000613000000, 0x0000000613400000|  0%| F|  |TAMS 0x0000000613000000| PB 0x0000000613000000| Untracked 
|  28|0x0000000613400000, 0x0000000613400000, 0x0000000613800000|  0%| F|  |TAMS 0x0000000613400000| PB 0x0000000613400000| Untracked 
|  29|0x0000000613800000, 0x0000000613800000, 0x0000000613c00000|  0%| F|  |TAMS 0x0000000613800000| PB 0x0000000613800000| Untracked 
|  30|0x0000000613c00000, 0x0000000613c00000, 0x0000000614000000|  0%| F|  |TAMS 0x0000000613c00000| PB 0x0000000613c00000| Untracked 
|  31|0x0000000614000000, 0x0000000614000000, 0x0000000614400000|  0%| F|  |TAMS 0x0000000614000000| PB 0x0000000614000000| Untracked 
|  32|0x0000000614400000, 0x0000000614400000, 0x0000000614800000|  0%| F|  |TAMS 0x0000000614400000| PB 0x0000000614400000| Untracked 
|  33|0x0000000614800000, 0x0000000614800000, 0x0000000614c00000|  0%| F|  |TAMS 0x0000000614800000| PB 0x0000000614800000| Untracked 
|  34|0x0000000614c00000, 0x0000000614c00000, 0x0000000615000000|  0%| F|  |TAMS 0x0000000614c00000| PB 0x0000000614c00000| Untracked 
|  35|0x0000000615000000, 0x0000000615000000, 0x0000000615400000|  0%| F|  |TAMS 0x0000000615000000| PB 0x0000000615000000| Untracked 
|  36|0x0000000615400000, 0x0000000615400000, 0x0000000615800000|  0%| F|  |TAMS 0x0000000615400000| PB 0x0000000615400000| Untracked 
|  37|0x0000000615800000, 0x0000000615800000, 0x0000000615c00000|  0%| F|  |TAMS 0x0000000615800000| PB 0x0000000615800000| Untracked 
|  38|0x0000000615c00000, 0x0000000615c00000, 0x0000000616000000|  0%| F|  |TAMS 0x0000000615c00000| PB 0x0000000615c00000| Untracked 
|  39|0x0000000616000000, 0x0000000616000000, 0x0000000616400000|  0%| F|  |TAMS 0x0000000616000000| PB 0x0000000616000000| Untracked 
|  40|0x0000000616400000, 0x0000000616400000, 0x0000000616800000|  0%| F|  |TAMS 0x0000000616400000| PB 0x0000000616400000| Untracked 
|  41|0x0000000616800000, 0x0000000616800000, 0x0000000616c00000|  0%| F|  |TAMS 0x0000000616800000| PB 0x0000000616800000| Untracked 
|  42|0x0000000616c00000, 0x0000000616c00000, 0x0000000617000000|  0%| F|  |TAMS 0x0000000616c00000| PB 0x0000000616c00000| Untracked 
|  43|0x0000000617000000, 0x0000000617000000, 0x0000000617400000|  0%| F|  |TAMS 0x0000000617000000| PB 0x0000000617000000| Untracked 
|  44|0x0000000617400000, 0x0000000617400000, 0x0000000617800000|  0%| F|  |TAMS 0x0000000617400000| PB 0x0000000617400000| Untracked 
|  45|0x0000000617800000, 0x0000000617800000, 0x0000000617c00000|  0%| F|  |TAMS 0x0000000617800000| PB 0x0000000617800000| Untracked 
|  46|0x0000000617c00000, 0x0000000617c00000, 0x0000000618000000|  0%| F|  |TAMS 0x0000000617c00000| PB 0x0000000617c00000| Untracked 
|  47|0x0000000618000000, 0x0000000618000000, 0x0000000618400000|  0%| F|  |TAMS 0x0000000618000000| PB 0x0000000618000000| Untracked 
|  48|0x0000000618400000, 0x0000000618400000, 0x0000000618800000|  0%| F|  |TAMS 0x0000000618400000| PB 0x0000000618400000| Untracked 
|  49|0x0000000618800000, 0x0000000618800000, 0x0000000618c00000|  0%| F|  |TAMS 0x0000000618800000| PB 0x0000000618800000| Untracked 
|  50|0x0000000618c00000, 0x0000000618c00000, 0x0000000619000000|  0%| F|  |TAMS 0x0000000618c00000| PB 0x0000000618c00000| Untracked 
|  51|0x0000000619000000, 0x0000000619000000, 0x0000000619400000|  0%| F|  |TAMS 0x0000000619000000| PB 0x0000000619000000| Untracked 
|  52|0x0000000619400000, 0x0000000619400000, 0x0000000619800000|  0%| F|  |TAMS 0x0000000619400000| PB 0x0000000619400000| Untracked 
|  53|0x0000000619800000, 0x0000000619800000, 0x0000000619c00000|  0%| F|  |TAMS 0x0000000619800000| PB 0x0000000619800000| Untracked 
|  54|0x0000000619c00000, 0x0000000619c00000, 0x000000061a000000|  0%| F|  |TAMS 0x0000000619c00000| PB 0x0000000619c00000| Untracked 
|  55|0x000000061a000000, 0x000000061a000000, 0x000000061a400000|  0%| F|  |TAMS 0x000000061a000000| PB 0x000000061a000000| Untracked 
|  56|0x000000061a400000, 0x000000061a400000, 0x000000061a800000|  0%| F|  |TAMS 0x000000061a400000| PB 0x000000061a400000| Untracked 
|  57|0x000000061a800000, 0x000000061a800000, 0x000000061ac00000|  0%| F|  |TAMS 0x000000061a800000| PB 0x000000061a800000| Untracked 
|  58|0x000000061ac00000, 0x000000061ac00000, 0x000000061b000000|  0%| F|  |TAMS 0x000000061ac00000| PB 0x000000061ac00000| Untracked 
|  59|0x000000061b000000, 0x000000061b000000, 0x000000061b400000|  0%| F|  |TAMS 0x000000061b000000| PB 0x000000061b000000| Untracked 
|  60|0x000000061b400000, 0x000000061b400000, 0x000000061b800000|  0%| F|  |TAMS 0x000000061b400000| PB 0x000000061b400000| Untracked 
|  61|0x000000061b800000, 0x000000061b800000, 0x000000061bc00000|  0%| F|  |TAMS 0x000000061b800000| PB 0x000000061b800000| Untracked 
|  62|0x000000061bc00000, 0x000000061bc00000, 0x000000061c000000|  0%| F|  |TAMS 0x000000061bc00000| PB 0x000000061bc00000| Untracked 
|  63|0x000000061c000000, 0x000000061c000000, 0x000000061c400000|  0%| F|  |TAMS 0x000000061c000000| PB 0x000000061c000000| Untracked 
|  64|0x000000061c400000, 0x000000061c400000, 0x000000061c800000|  0%| F|  |TAMS 0x000000061c400000| PB 0x000000061c400000| Untracked 
|  65|0x000000061c800000, 0x000000061c800000, 0x000000061cc00000|  0%| F|  |TAMS 0x000000061c800000| PB 0x000000061c800000| Untracked 
|  66|0x000000061cc00000, 0x000000061cc00000, 0x000000061d000000|  0%| F|  |TAMS 0x000000061cc00000| PB 0x000000061cc00000| Untracked 
|  67|0x000000061d000000, 0x000000061d000000, 0x000000061d400000|  0%| F|  |TAMS 0x000000061d000000| PB 0x000000061d000000| Untracked 
|  68|0x000000061d400000, 0x000000061d400000, 0x000000061d800000|  0%| F|  |TAMS 0x000000061d400000| PB 0x000000061d400000| Untracked 
|  69|0x000000061d800000, 0x000000061d800000, 0x000000061dc00000|  0%| F|  |TAMS 0x000000061d800000| PB 0x000000061d800000| Untracked 
|  70|0x000000061dc00000, 0x000000061dc00000, 0x000000061e000000|  0%| F|  |TAMS 0x000000061dc00000| PB 0x000000061dc00000| Untracked 
|  71|0x000000061e000000, 0x000000061e000000, 0x000000061e400000|  0%| F|  |TAMS 0x000000061e000000| PB 0x000000061e000000| Untracked 
|  72|0x000000061e400000, 0x000000061e400000, 0x000000061e800000|  0%| F|  |TAMS 0x000000061e400000| PB 0x000000061e400000| Untracked 
|  73|0x000000061e800000, 0x000000061e800000, 0x000000061ec00000|  0%| F|  |TAMS 0x000000061e800000| PB 0x000000061e800000| Untracked 
|  74|0x000000061ec00000, 0x000000061ec00000, 0x000000061f000000|  0%| F|  |TAMS 0x000000061ec00000| PB 0x000000061ec00000| Untracked 
|  75|0x000000061f000000, 0x000000061f000000, 0x000000061f400000|  0%| F|  |TAMS 0x000000061f000000| PB 0x000000061f000000| Untracked 
|  76|0x000000061f400000, 0x000000061f400000, 0x000000061f800000|  0%| F|  |TAMS 0x000000061f400000| PB 0x000000061f400000| Untracked 
|  77|0x000000061f800000, 0x000000061f800000, 0x000000061fc00000|  0%| F|  |TAMS 0x000000061f800000| PB 0x000000061f800000| Untracked 
|  78|0x000000061fc00000, 0x000000061fc00000, 0x0000000620000000|  0%| F|  |TAMS 0x000000061fc00000| PB 0x000000061fc00000| Untracked 
|  79|0x0000000620000000, 0x0000000620000000, 0x0000000620400000|  0%| F|  |TAMS 0x0000000620000000| PB 0x0000000620000000| Untracked 
|  80|0x0000000620400000, 0x0000000620400000, 0x0000000620800000|  0%| F|  |TAMS 0x0000000620400000| PB 0x0000000620400000| Untracked 
|  81|0x0000000620800000, 0x0000000620800000, 0x0000000620c00000|  0%| F|  |TAMS 0x0000000620800000| PB 0x0000000620800000| Untracked 
|  82|0x0000000620c00000, 0x0000000620c00000, 0x0000000621000000|  0%| F|  |TAMS 0x0000000620c00000| PB 0x0000000620c00000| Untracked 
|  83|0x0000000621000000, 0x0000000621000000, 0x0000000621400000|  0%| F|  |TAMS 0x0000000621000000| PB 0x0000000621000000| Untracked 
|  84|0x0000000621400000, 0x0000000621400000, 0x0000000621800000|  0%| F|  |TAMS 0x0000000621400000| PB 0x0000000621400000| Untracked 
|  85|0x0000000621800000, 0x0000000621800000, 0x0000000621c00000|  0%| F|  |TAMS 0x0000000621800000| PB 0x0000000621800000| Untracked 
|  86|0x0000000621c00000, 0x0000000621c00000, 0x0000000622000000|  0%| F|  |TAMS 0x0000000621c00000| PB 0x0000000621c00000| Untracked 
|  87|0x0000000622000000, 0x0000000622000000, 0x0000000622400000|  0%| F|  |TAMS 0x0000000622000000| PB 0x0000000622000000| Untracked 
|  88|0x0000000622400000, 0x0000000622400000, 0x0000000622800000|  0%| F|  |TAMS 0x0000000622400000| PB 0x0000000622400000| Untracked 
|  89|0x0000000622800000, 0x0000000622800000, 0x0000000622c00000|  0%| F|  |TAMS 0x0000000622800000| PB 0x0000000622800000| Untracked 
|  90|0x0000000622c00000, 0x0000000622c00000, 0x0000000623000000|  0%| F|  |TAMS 0x0000000622c00000| PB 0x0000000622c00000| Untracked 
|  91|0x0000000623000000, 0x0000000623000000, 0x0000000623400000|  0%| F|  |TAMS 0x0000000623000000| PB 0x0000000623000000| Untracked 
|  92|0x0000000623400000, 0x0000000623400000, 0x0000000623800000|  0%| F|  |TAMS 0x0000000623400000| PB 0x0000000623400000| Untracked 
|  93|0x0000000623800000, 0x0000000623800000, 0x0000000623c00000|  0%| F|  |TAMS 0x0000000623800000| PB 0x0000000623800000| Untracked 
|  94|0x0000000623c00000, 0x0000000623c00000, 0x0000000624000000|  0%| F|  |TAMS 0x0000000623c00000| PB 0x0000000623c00000| Untracked 
|  95|0x0000000624000000, 0x0000000624000000, 0x0000000624400000|  0%| F|  |TAMS 0x0000000624000000| PB 0x0000000624000000| Untracked 
|  96|0x0000000624400000, 0x0000000624400000, 0x0000000624800000|  0%| F|  |TAMS 0x0000000624400000| PB 0x0000000624400000| Untracked 
|  97|0x0000000624800000, 0x0000000624800000, 0x0000000624c00000|  0%| F|  |TAMS 0x0000000624800000| PB 0x0000000624800000| Untracked 
|  98|0x0000000624c00000, 0x0000000624ccd4e0, 0x0000000625000000| 20%| E|  |TAMS 0x0000000624c00000| PB 0x0000000624c00000| Complete 
|  99|0x0000000625000000, 0x0000000625400000, 0x0000000625400000|100%| E|CS|TAMS 0x0000000625000000| PB 0x0000000625000000| Complete 
| 100|0x0000000625400000, 0x0000000625800000, 0x0000000625800000|100%| E|CS|TAMS 0x0000000625400000| PB 0x0000000625400000| Complete 
| 101|0x0000000625800000, 0x0000000625c00000, 0x0000000625c00000|100%| E|CS|TAMS 0x0000000625800000| PB 0x0000000625800000| Complete 
| 102|0x0000000625c00000, 0x0000000626000000, 0x0000000626000000|100%| E|CS|TAMS 0x0000000625c00000| PB 0x0000000625c00000| Complete 
| 103|0x0000000626000000, 0x0000000626400000, 0x0000000626400000|100%| E|CS|TAMS 0x0000000626000000| PB 0x0000000626000000| Complete 
| 104|0x0000000626400000, 0x0000000626800000, 0x0000000626800000|100%| E|CS|TAMS 0x0000000626400000| PB 0x0000000626400000| Complete 
| 105|0x0000000626800000, 0x0000000626c00000, 0x0000000626c00000|100%| E|CS|TAMS 0x0000000626800000| PB 0x0000000626800000| Complete 
| 106|0x0000000626c00000, 0x0000000627000000, 0x0000000627000000|100%| E|CS|TAMS 0x0000000626c00000| PB 0x0000000626c00000| Complete 
| 107|0x0000000627000000, 0x0000000627400000, 0x0000000627400000|100%| E|CS|TAMS 0x0000000627000000| PB 0x0000000627000000| Complete 
| 108|0x0000000627400000, 0x0000000627800000, 0x0000000627800000|100%| E|CS|TAMS 0x0000000627400000| PB 0x0000000627400000| Complete 
| 109|0x0000000627800000, 0x0000000627c00000, 0x0000000627c00000|100%| E|CS|TAMS 0x0000000627800000| PB 0x0000000627800000| Complete 
| 110|0x0000000627c00000, 0x0000000628000000, 0x0000000628000000|100%| E|CS|TAMS 0x0000000627c00000| PB 0x0000000627c00000| Complete 
| 111|0x0000000628000000, 0x0000000628400000, 0x0000000628400000|100%| E|CS|TAMS 0x0000000628000000| PB 0x0000000628000000| Complete 
| 112|0x0000000628400000, 0x0000000628800000, 0x0000000628800000|100%| E|CS|TAMS 0x0000000628400000| PB 0x0000000628400000| Complete 
| 113|0x0000000628800000, 0x0000000628afb4b0, 0x0000000628c00000| 74%| S|CS|TAMS 0x0000000628800000| PB 0x0000000628800000| Complete 
| 114|0x0000000628c00000, 0x0000000629000000, 0x0000000629000000|100%| E|CS|TAMS 0x0000000628c00000| PB 0x0000000628c00000| Complete 
| 115|0x0000000629000000, 0x0000000629400000, 0x0000000629400000|100%| E|CS|TAMS 0x0000000629000000| PB 0x0000000629000000| Complete 
| 116|0x0000000629400000, 0x0000000629800000, 0x0000000629800000|100%| E|CS|TAMS 0x0000000629400000| PB 0x0000000629400000| Complete 
| 117|0x0000000629800000, 0x0000000629c00000, 0x0000000629c00000|100%| E|CS|TAMS 0x0000000629800000| PB 0x0000000629800000| Complete 
| 118|0x0000000629c00000, 0x000000062a000000, 0x000000062a000000|100%| E|CS|TAMS 0x0000000629c00000| PB 0x0000000629c00000| Complete 
| 119|0x000000062a000000, 0x000000062a400000, 0x000000062a400000|100%| E|CS|TAMS 0x000000062a000000| PB 0x000000062a000000| Complete 
| 120|0x000000062a400000, 0x000000062a800000, 0x000000062a800000|100%| E|CS|TAMS 0x000000062a400000| PB 0x000000062a400000| Complete 
| 121|0x000000062a800000, 0x000000062ac00000, 0x000000062ac00000|100%| E|CS|TAMS 0x000000062a800000| PB 0x000000062a800000| Complete 
| 122|0x000000062ac00000, 0x000000062b000000, 0x000000062b000000|100%| E|CS|TAMS 0x000000062ac00000| PB 0x000000062ac00000| Complete 
| 123|0x000000062b000000, 0x000000062b400000, 0x000000062b400000|100%| E|CS|TAMS 0x000000062b000000| PB 0x000000062b000000| Complete 
| 124|0x000000062b400000, 0x000000062b800000, 0x000000062b800000|100%| E|CS|TAMS 0x000000062b400000| PB 0x000000062b400000| Complete 

Card table byte_map: [0x00000231e8570000,0x00000231e9510000] _byte_map_base: 0x00000231e550e000

Marking Bits: (CMBitMap*) 0x00000231cf7222c0
 Bits: [0x00000231e9510000, 0x00000231f1200000)

Polling page: 0x00000231cd3f0000

Metaspace:

Usage:
  Non-class:      5.94 MB used.
      Class:    403.12 KB used.
       Both:      6.34 MB used.

Virtual space:
  Non-class space:       64.00 MB reserved,       6.06 MB (  9%) committed,  1 nodes.
      Class space:        1.00 GB reserved,     512.00 KB ( <1%) committed,  1 nodes.
             Both:        1.06 GB reserved,       6.56 MB ( <1%) committed. 

Chunk freelists:
   Non-Class:  9.22 MB
       Class:  15.51 MB
        Both:  24.73 MB

MaxMetaspaceSize: unlimited
CompressedClassSpaceSize: 1.00 GB
Initial GC threshold: 21.00 MB
Current GC threshold: 21.00 MB
CDS: on
 - commit_granule_bytes: 65536.
 - commit_granule_words: 8192.
 - virtual_space_node_default_size: 8388608.
 - enlarge_chunks_in_place: 1.
 - use_allocation_guard: 0.


Internal statistics:

num_allocs_failed_limit: 0.
num_arena_births: 154.
num_arena_deaths: 0.
num_vsnodes_births: 2.
num_vsnodes_deaths: 0.
num_space_committed: 103.
num_space_uncommitted: 0.
num_chunks_returned_to_freelist: 0.
num_chunks_taken_from_freelist: 300.
num_chunk_merges: 0.
num_chunk_splits: 187.
num_chunks_enlarged: 116.
num_inconsistent_stats: 0.

CodeHeap 'non-profiled nmethods': size=119168Kb used=719Kb max_used=719Kb free=118448Kb
 bounds [0x00000231df8f0000, 0x00000231dfb60000, 0x00000231e6d50000]
CodeHeap 'profiled nmethods': size=119104Kb used=2195Kb max_used=2195Kb free=116908Kb
 bounds [0x00000231d7d50000, 0x00000231d7fc0000, 0x00000231df1a0000]
CodeHeap 'non-nmethods': size=7488Kb used=3849Kb max_used=3962Kb free=3638Kb
 bounds [0x00000231df1a0000, 0x00000231df590000, 0x00000231df8f0000]
 total_blobs=2365 nmethods=1245 adapters=1022
 compilation: enabled
              stopped_count=0, restarted_count=0
 full_count=0

Compilation events (20 events):
Event: 1.625 Thread 0x00000231c7ccc710 nmethod 1054 0x00000231df995010 code [0x00000231df9951e0, 0x00000231df9957c0]
Event: 1.625 Thread 0x00000231c7ccc710 1061       4       java.util.zip.InflaterInputStream::fill (60 bytes)
Event: 1.626 Thread 0x00000231f43f3d70 nmethod 1058 0x00000231df995c10 code [0x00000231df995da0, 0x00000231df996188]
Event: 1.627 Thread 0x00000231f43f3d70 1202       4       java.util.ArrayList::subList (20 bytes)
Event: 1.628 Thread 0x00000231f43f3d70 nmethod 1202 0x00000231df996310 code [0x00000231df9964a0, 0x00000231df996630]
Event: 1.628 Thread 0x00000231f43f3d70 1203       4       java.util.AbstractList::subListRangeCheck (110 bytes)
Event: 1.628 Thread 0x00000231f43f3d70 nmethod 1203 0x00000231df996790 code [0x00000231df996920, 0x00000231df9969f0]
Event: 1.628 Thread 0x00000231f43f3d70 1204       4       java.util.ArrayList$SubList::toArray (79 bytes)
Event: 1.630 Thread 0x00000231f43f3d70 nmethod 1204 0x00000231df996b10 code [0x00000231df996ca0, 0x00000231df996f38]
Event: 1.630 Thread 0x00000231f43f3d70 1147       4       java.util.regex.Pattern::nextEscaped (19 bytes)
Event: 1.631 Thread 0x00000231f43f3d70 nmethod 1147 0x00000231df997110 code [0x00000231df9972a0, 0x00000231df997380]
Event: 1.631 Thread 0x00000231f43f3d70 1196       4       java.util.regex.Pattern$Node::study (21 bytes)
Event: 1.632 Thread 0x00000231f43f3d70 nmethod 1196 0x00000231df997410 code [0x00000231df9975c0, 0x00000231df997710]
Event: 1.632 Thread 0x00000231f43f3d70 1173       4       java.lang.StringLatin1::trim (76 bytes)
Event: 1.633 Thread 0x00000231f43f3d70 nmethod 1173 0x00000231df997810 code [0x00000231df9979a0, 0x00000231df997ab8]
Event: 1.633 Thread 0x00000231f43f3d70 1175       4       java.lang.Float::parseFloat (5 bytes)
Event: 1.634 Thread 0x00000231f43f3d70 nmethod 1175 0x00000231df997c10 code [0x00000231df997dc0, 0x00000231df997ec0]
Event: 1.635 Thread 0x00000231f43f3d70 1162       4       java.util.regex.Pattern::skip (23 bytes)
Event: 1.635 Thread 0x00000231f43f3d70 nmethod 1162 0x00000231df998010 code [0x00000231df9981a0, 0x00000231df998290]
Event: 1.638 Thread 0x00000231c7ccc710 nmethod 1061 0x00000231df998390 code [0x00000231df998600, 0x00000231df999220]

GC Heap History (4 events):
Event: 0.928 GC heap before
{Heap before GC invocations=0 (full 0):
 garbage-first heap   total 512000K, used 45056K [0x000000060c400000, 0x0000000800000000)
  region size 4096K, 6 young (24576K), 0 survivors (0K)
 Metaspace       used 6303K, committed 6528K, reserved 1114112K
  class space    used 399K, committed 512K, reserved 1048576K
}
Event: 0.932 GC heap after
{Heap after GC invocations=1 (full 0):
 garbage-first heap   total 512000K, used 22670K [0x000000060c400000, 0x0000000800000000)
  region size 4096K, 1 young (4096K), 1 survivors (4096K)
 Metaspace       used 6303K, committed 6528K, reserved 1114112K
  class space    used 399K, committed 512K, reserved 1048576K
}
Event: 1.377 GC heap before
{Heap before GC invocations=1 (full 0):
 garbage-first heap   total 512000K, used 84110K [0x000000060c400000, 0x0000000800000000)
  region size 4096K, 11 young (45056K), 1 survivors (4096K)
 Metaspace       used 6474K, committed 6720K, reserved 1114112K
  class space    used 403K, committed 512K, reserved 1048576K
}
Event: 1.379 GC heap after
{Heap after GC invocations=2 (full 0):
 garbage-first heap   total 512000K, used 44013K [0x000000060c400000, 0x0000000800000000)
  region size 4096K, 1 young (4096K), 1 survivors (4096K)
 Metaspace       used 6474K, committed 6720K, reserved 1114112K
  class space    used 403K, committed 512K, reserved 1048576K
}

Dll operation events (9 events):
Event: 0.005 Loaded shared library C:\Program Files\Eclipse Adoptium\jdk-21.0.4.7-hotspot\bin\java.dll
Event: 0.030 Loaded shared library C:\Program Files\Eclipse Adoptium\jdk-21.0.4.7-hotspot\bin\jsvml.dll
Event: 0.050 Loaded shared library C:\Program Files\Eclipse Adoptium\jdk-21.0.4.7-hotspot\bin\net.dll
Event: 0.051 Loaded shared library C:\Program Files\Eclipse Adoptium\jdk-21.0.4.7-hotspot\bin\nio.dll
Event: 0.054 Loaded shared library C:\Program Files\Eclipse Adoptium\jdk-21.0.4.7-hotspot\bin\zip.dll
Event: 0.102 Loaded shared library C:\Program Files\Eclipse Adoptium\jdk-21.0.4.7-hotspot\bin\jimage.dll
Event: 0.123 Loaded shared library C:\Users\Roy\AppData\Local\Temp\lwjgl_Roy\3.3.3+5\x64\lwjgl.dll
Event: 0.443 Loaded shared library C:\Users\Roy\AppData\Local\Temp\lwjgl_Roy\3.3.3+5\x64\lwjgl_opengl.dll
Event: 0.720 Loaded shared library C:\Program Files\Eclipse Adoptium\jdk-21.0.4.7-hotspot\bin\awt.dll

Deoptimization events (20 events):
Event: 1.145 Thread 0x00000231cd43f810 DEOPT PACKING pc=0x00000231d7ee4cce sp=0x000000d4bf4feb40
Event: 1.145 Thread 0x00000231cd43f810 DEOPT UNPACKING pc=0x00000231df1f4e42 sp=0x000000d4bf4fdfd0 mode 0
Event: 1.146 Thread 0x00000231cd43f810 DEOPT PACKING pc=0x00000231d7ee4cce sp=0x000000d4bf4feb40
Event: 1.146 Thread 0x00000231cd43f810 DEOPT UNPACKING pc=0x00000231df1f4e42 sp=0x000000d4bf4fdfd0 mode 0
Event: 1.146 Thread 0x00000231cd43f810 DEOPT PACKING pc=0x00000231d7ee4cce sp=0x000000d4bf4feb40
Event: 1.146 Thread 0x00000231cd43f810 DEOPT UNPACKING pc=0x00000231df1f4e42 sp=0x000000d4bf4fdfd0 mode 0
Event: 1.146 Thread 0x00000231cd43f810 DEOPT PACKING pc=0x00000231d7ee4cce sp=0x000000d4bf4feb40
Event: 1.146 Thread 0x00000231cd43f810 DEOPT UNPACKING pc=0x00000231df1f4e42 sp=0x000000d4bf4fdfd0 mode 0
Event: 1.148 Thread 0x00000231cd43f810 DEOPT PACKING pc=0x00000231d7ee4cce sp=0x000000d4bf4feb40
Event: 1.148 Thread 0x00000231cd43f810 DEOPT UNPACKING pc=0x00000231df1f4e42 sp=0x000000d4bf4fdfd0 mode 0
Event: 1.149 Thread 0x00000231cd43f810 DEOPT PACKING pc=0x00000231d7ee4cce sp=0x000000d4bf4feb40
Event: 1.149 Thread 0x00000231cd43f810 DEOPT UNPACKING pc=0x00000231df1f4e42 sp=0x000000d4bf4fdfd0 mode 0
Event: 1.149 Thread 0x00000231cd43f810 DEOPT PACKING pc=0x00000231d7ee4cce sp=0x000000d4bf4feb40
Event: 1.149 Thread 0x00000231cd43f810 DEOPT UNPACKING pc=0x00000231df1f4e42 sp=0x000000d4bf4fdfd0 mode 0
Event: 1.484 Thread 0x00000231cd43f810 DEOPT PACKING pc=0x00000231d7f74048 sp=0x000000d4bf4ff0d0
Event: 1.484 Thread 0x00000231cd43f810 DEOPT UNPACKING pc=0x00000231df1f4e42 sp=0x000000d4bf4fe5c0 mode 0
Event: 1.621 Thread 0x00000231cd43f810 Uncommon trap: trap_request=0xffffff45 fr.pc=0x00000231df971c98 relative=0x0000000000000d58
Event: 1.621 Thread 0x00000231cd43f810 Uncommon trap: reason=unstable_if action=reinterpret pc=0x00000231df971c98 method=ch.fhnw.comgr.texture.ImageTexture.getPixels()[I @ 28 c2
Event: 1.621 Thread 0x00000231cd43f810 DEOPT PACKING pc=0x00000231df971c98 sp=0x000000d4bf4ff0e0
Event: 1.621 Thread 0x00000231cd43f810 DEOPT UNPACKING pc=0x00000231df1f46a2 sp=0x000000d4bf4ff0c0 mode 2

Classes loaded (20 events):
Event: 0.769 Loading class java/awt/Image done
Event: 0.769 Loading class java/awt/image/BufferedImage done
Event: 0.769 Loading class java/awt/ImageCapabilities
Event: 0.769 Loading class java/awt/ImageCapabilities done
Event: 0.769 Loading class java/awt/Image$1
Event: 0.769 Loading class sun/awt/image/SurfaceManager$ImageAccessor
Event: 0.769 Loading class sun/awt/image/SurfaceManager$ImageAccessor done
Event: 0.769 Loading class java/awt/Image$1 done
Event: 0.769 Loading class sun/awt/image/SurfaceManager
Event: 0.769 Loading class sun/awt/image/SurfaceManager done
Event: 0.770 Loading class java/awt/image/BufferedImage$1
Event: 0.770 Loading class java/awt/image/BufferedImage$1 done
Event: 0.770 Loading class sun/awt/image/IntegerComponentRaster
Event: 0.770 Loading class sun/awt/image/IntegerComponentRaster done
Event: 0.770 Loading class java/awt/image/IndexColorModel
Event: 0.770 Loading class java/awt/image/IndexColorModel done
Event: 0.770 Loading class sun/awt/image/ShortComponentRaster
Event: 0.770 Loading class sun/awt/image/ShortComponentRaster done
Event: 1.119 Loading class java/lang/Math$RandomNumberGeneratorHolder
Event: 1.119 Loading class java/lang/Math$RandomNumberGeneratorHolder done

Classes unloaded (0 events):
No events

Classes redefined (0 events):
No events

Internal exceptions (20 events):
Event: 0.174 Thread 0x00000231cd43f810 Exception <a 'java/lang/NoSuchMethodError'{0x000000062b1412d8}: 'java.lang.Object java.lang.invoke.DirectMethodHandle$Holder.newInvokeSpecial(java.lang.Object, java.lang.Object, int)'> (0x000000062b1412d8) 
thrown [s\src\hotspot\share\interpreter\linkResolver.cpp, line 773]
Event: 0.177 Thread 0x00000231cd43f810 Exception <a 'java/lang/NoSuchMethodError'{0x000000062b150338}: 'int java.lang.invoke.DirectMethodHandle$Holder.invokeStaticInit(java.lang.Object, java.lang.Object, long, long)'> (0x000000062b150338) 
thrown [s\src\hotspot\share\interpreter\linkResolver.cpp, line 773]
Event: 0.177 Thread 0x00000231cd43f810 Exception <a 'java/lang/NoSuchMethodError'{0x000000062b155dc0}: 'java.lang.Object java.lang.invoke.DirectMethodHandle$Holder.newInvokeSpecial(java.lang.Object, java.lang.Object, long)'> (0x000000062b155dc0) 
thrown [s\src\hotspot\share\interpreter\linkResolver.cpp, line 773]
Event: 0.178 Thread 0x00000231cd43f810 Exception <a 'java/lang/NoSuchMethodError'{0x000000062b159c68}: 'java.lang.Object java.lang.invoke.Invokers$Holder.linkToTargetMethod(java.lang.Object, long, java.lang.Object)'> (0x000000062b159c68) 
thrown [s\src\hotspot\share\interpreter\linkResolver.cpp, line 773]
Event: 0.178 Thread 0x00000231cd43f810 Exception <a 'java/lang/NoSuchMethodError'{0x000000062b160ec8}: 'int java.lang.invoke.DirectMethodHandle$Holder.invokeStaticInit(java.lang.Object, java.lang.Object, java.lang.Object, long)'> (0x000000062b160ec8) 
thrown [s\src\hotspot\share\interpreter\linkResolver.cpp, line 773]
Event: 0.201 Thread 0x00000231cd43f810 Exception <a 'sun/nio/fs/WindowsException'{0x000000062b208da8}> (0x000000062b208da8) 
thrown [s\src\hotspot\share\prims\jni.cpp, line 520]
Event: 0.201 Thread 0x00000231cd43f810 Exception <a 'sun/nio/fs/WindowsException'{0x000000062b2090f8}> (0x000000062b2090f8) 
thrown [s\src\hotspot\share\prims\jni.cpp, line 520]
Event: 0.209 Thread 0x00000231cd43f810 Exception <a 'java/lang/NoSuchMethodError'{0x000000062b222678}: 'int java.lang.invoke.Invokers$Holder.invokeExact_MT(java.lang.Object, java.lang.Object)'> (0x000000062b222678) 
thrown [s\src\hotspot\share\interpreter\linkResolver.cpp, line 773]
Event: 0.432 Thread 0x00000231cd43f810 Exception <a 'java/lang/NoSuchMethodError'{0x000000062b276978}: 'void java.lang.invoke.DirectMethodHandle$Holder.invokeStatic(java.lang.Object, long, int, int)'> (0x000000062b276978) 
thrown [s\src\hotspot\share\interpreter\linkResolver.cpp, line 773]
Event: 0.437 Thread 0x00000231cd43f810 Exception <a 'java/lang/NoSuchMethodError'{0x000000062b2953d0}: 'void java.lang.System.load(java.lang.String, java.lang.Class)'> (0x000000062b2953d0) 
thrown [s\src\hotspot\share\interpreter\linkResolver.cpp, line 773]
Event: 0.437 Thread 0x00000231cd43f810 Exception <a 'java/lang/NoSuchMethodError'{0x000000062b297e20}: 'void java.lang.System.loadLibrary(java.lang.String, java.lang.Class)'> (0x000000062b297e20) 
thrown [s\src\hotspot\share\interpreter\linkResolver.cpp, line 773]
Event: 0.442 Thread 0x00000231cd43f810 Exception <a 'sun/nio/fs/WindowsException'{0x000000062b2a6f20}> (0x000000062b2a6f20) 
thrown [s\src\hotspot\share\prims\jni.cpp, line 520]
Event: 0.442 Thread 0x00000231cd43f810 Exception <a 'sun/nio/fs/WindowsException'{0x000000062b2a72a8}> (0x000000062b2a72a8) 
thrown [s\src\hotspot\share\prims\jni.cpp, line 520]
Event: 0.447 Thread 0x00000231cd43f810 Exception <a 'sun/nio/fs/WindowsException'{0x000000062b2b0288}> (0x000000062b2b0288) 
thrown [s\src\hotspot\share\prims\jni.cpp, line 520]
Event: 0.447 Thread 0x00000231cd43f810 Exception <a 'sun/nio/fs/WindowsException'{0x000000062b2b0548}> (0x000000062b2b0548) 
thrown [s\src\hotspot\share\prims\jni.cpp, line 520]
Event: 0.716 Thread 0x00000231cd43f810 Exception <a 'java/lang/ClassNotFoundException'{0x000000062ae88168}: sun/awt/resources/spi/awtProvider> (0x000000062ae88168) 
thrown [s\src\hotspot\share\classfile\systemDictionary.cpp, line 312]
Event: 0.724 Thread 0x00000231cd43f810 Exception <a 'java/io/FileNotFoundException'{0x000000062aec0960}> (0x000000062aec0960) 
thrown [s\src\hotspot\share\prims\jni.cpp, line 520]
Event: 0.729 Thread 0x00000231cd43f810 Exception <a 'java/io/FileNotFoundException'{0x000000062aeeb090}> (0x000000062aeeb090) 
thrown [s\src\hotspot\share\prims\jni.cpp, line 520]
Event: 0.743 Thread 0x00000231cd43f810 Exception <a 'java/lang/NoSuchMethodError'{0x000000062af25720}: 'java.lang.Object java.lang.invoke.DirectMethodHandle$Holder.invokeStaticInit(java.lang.Object, int, int, int, int)'> (0x000000062af25720) 
thrown [s\src\hotspot\share\interpreter\linkResolver.cpp, line 773]
Event: 0.753 Thread 0x00000231cd43f810 Exception <a 'java/lang/NoSuchMethodError'{0x000000062af6a668}: 'java.lang.Object java.lang.invoke.DirectMethodHandle$Holder.invokeStaticInit(java.lang.Object, java.lang.Object, int, int, int, int)'> (0x000000062af6a668) 
thrown [s\src\hotspot\share\interpreter\linkResolver.cpp, line 773]

ZGC Phase Switch (0 events):
No events

VM Operations (10 events):
Event: 0.055 Executing VM operation: HandshakeAllThreads (Deoptimize)
Event: 0.055 Executing VM operation: HandshakeAllThreads (Deoptimize) done
Event: 0.711 Executing VM operation: HandshakeAllThreads (Deoptimize)
Event: 0.711 Executing VM operation: HandshakeAllThreads (Deoptimize) done
Event: 0.714 Executing VM operation: HandshakeAllThreads (Deoptimize)
Event: 0.714 Executing VM operation: HandshakeAllThreads (Deoptimize) done
Event: 0.928 Executing VM operation: G1CollectForAllocation (G1 Evacuation Pause)
Event: 0.932 Executing VM operation: G1CollectForAllocation (G1 Evacuation Pause) done
Event: 1.377 Executing VM operation: G1CollectForAllocation (G1 Evacuation Pause)
Event: 1.379 Executing VM operation: G1CollectForAllocation (G1 Evacuation Pause) done

Memory protections (0 events):
No events

Nmethod flushes (0 events):
No events

Events (20 events):
Event: 0.029 Thread 0x00000231cd43f810 Thread added: 0x00000231f42f2700
Event: 0.029 Thread 0x00000231cd43f810 Thread added: 0x00000231f42fa4b0
Event: 0.029 Thread 0x00000231cd43f810 Thread added: 0x00000231f42f3840
Event: 0.029 Thread 0x00000231cd43f810 Thread added: 0x00000231f4323b10
Event: 0.029 Thread 0x00000231cd43f810 Thread added: 0x00000231f432e5d0
Event: 0.034 Thread 0x00000231f432e5d0 Thread added: 0x00000231f43f2fd0
Event: 0.044 Thread 0x00000231cd43f810 Thread added: 0x00000231f4493c50
Event: 0.045 Thread 0x00000231cd43f810 Thread added: 0x00000231f4495ca0
Event: 0.165 Thread 0x00000231f432e5d0 Thread added: 0x00000231f43f36a0
Event: 0.432 Thread 0x00000231f43f36a0 Thread exited: 0x00000231f43f36a0
Event: 0.757 Thread 0x00000231cd43f810 Thread added: 0x00000231fd284580
Event: 0.894 Thread 0x00000231f43f2fd0 Thread added: 0x00000231f43f4440
Event: 1.025 Thread 0x00000231f432e5d0 Thread added: 0x00000231f43f0dc0
Event: 1.025 Thread 0x00000231f432e5d0 Thread added: 0x00000231f43f2900
Event: 1.025 Thread 0x00000231f432e5d0 Thread added: 0x00000231f43f2230
Event: 1.025 Thread 0x00000231f432e5d0 Thread added: 0x00000231f43f36a0
Event: 1.025 Thread 0x00000231f432e5d0 Thread added: 0x00000231f43f3d70
Event: 1.035 Thread 0x00000231f43f3d70 Thread added: 0x00000231f43f1490
Event: 1.036 Thread 0x00000231f43f3d70 Thread added: 0x00000231f43f1b60
Event: 1.054 Thread 0x00000231f43f1490 Thread added: 0x00000231c7ccc710


Dynamic libraries:
0x00007ff6433f0000 - 0x00007ff6433fe000 	C:\Program Files\Eclipse Adoptium\jdk-21.0.4.7-hotspot\bin\java.exe
0x00007ff8b4d50000 - 0x00007ff8b4f67000 	C:\WINDOWS\SYSTEM32\ntdll.dll
0x00007ff8b3d70000 - 0x00007ff8b3e34000 	C:\WINDOWS\System32\KERNEL32.DLL
0x00007ff8b2590000 - 0x00007ff8b2949000 	C:\WINDOWS\System32\KERNELBASE.dll
0x00007ff8b20f0000 - 0x00007ff8b2201000 	C:\WINDOWS\System32\ucrtbase.dll
0x00007ff89cd40000 - 0x00007ff89cd5b000 	C:\Program Files\Eclipse Adoptium\jdk-21.0.4.7-hotspot\bin\VCRUNTIME140.dll
0x00007ff8a1070000 - 0x00007ff8a1088000 	C:\Program Files\Eclipse Adoptium\jdk-21.0.4.7-hotspot\bin\jli.dll
0x00007ff8b2b50000 - 0x00007ff8b2cfe000 	C:\WINDOWS\System32\USER32.dll
0x00007ff8b2050000 - 0x00007ff8b2076000 	C:\WINDOWS\System32\win32u.dll
0x00007ff890ca0000 - 0x00007ff890f32000 	C:\WINDOWS\WinSxS\amd64_microsoft.windows.common-controls_6595b64144ccf1df_6.0.22621.4391_none_2715d37f73803e96\COMCTL32.dll
0x00007ff8b41b0000 - 0x00007ff8b41d9000 	C:\WINDOWS\System32\GDI32.dll
0x00007ff8b2950000 - 0x00007ff8b2a6b000 	C:\WINDOWS\System32\gdi32full.dll
0x00007ff8b3360000 - 0x00007ff8b3407000 	C:\WINDOWS\System32\msvcrt.dll
0x00007ff8b2300000 - 0x00007ff8b239a000 	C:\WINDOWS\System32\msvcp_win.dll
0x00007ff8b3ef0000 - 0x00007ff8b3f21000 	C:\WINDOWS\System32\IMM32.DLL
0x00007ff8a60d0000 - 0x00007ff8a60dc000 	C:\Program Files\Eclipse Adoptium\jdk-21.0.4.7-hotspot\bin\vcruntime140_1.dll
0x00007ff886780000 - 0x00007ff88680e000 	C:\Program Files\Eclipse Adoptium\jdk-21.0.4.7-hotspot\bin\msvcp140.dll
0x00007ff802fc0000 - 0x00007ff803d48000 	C:\Program Files\Eclipse Adoptium\jdk-21.0.4.7-hotspot\bin\server\jvm.dll
0x00007ff8b31f0000 - 0x00007ff8b32a2000 	C:\WINDOWS\System32\ADVAPI32.dll
0x00007ff8b3410000 - 0x00007ff8b34b7000 	C:\WINDOWS\System32\sechost.dll
0x00007ff8b2210000 - 0x00007ff8b2238000 	C:\WINDOWS\System32\bcrypt.dll
0x00007ff8b2f50000 - 0x00007ff8b3064000 	C:\WINDOWS\System32\RPCRT4.dll
0x00007ff8b3170000 - 0x00007ff8b31e1000 	C:\WINDOWS\System32\WS2_32.dll
0x00007ff8b1ae0000 - 0x00007ff8b1b2d000 	C:\WINDOWS\SYSTEM32\POWRPROF.dll
0x00007ff8abbd0000 - 0x00007ff8abc04000 	C:\WINDOWS\SYSTEM32\WINMM.dll
0x00007ff8a7200000 - 0x00007ff8a720a000 	C:\WINDOWS\SYSTEM32\VERSION.dll
0x00007ff8b19a0000 - 0x00007ff8b19b3000 	C:\WINDOWS\SYSTEM32\UMPDC.dll
0x00007ff8b0ff0000 - 0x00007ff8b1008000 	C:\WINDOWS\SYSTEM32\kernel.appcore.dll
0x00007ff8a28e0000 - 0x00007ff8a28ea000 	C:\Program Files\Eclipse Adoptium\jdk-21.0.4.7-hotspot\bin\jimage.dll
0x00007ff8afbb0000 - 0x00007ff8afde2000 	C:\WINDOWS\SYSTEM32\DBGHELP.DLL
0x00007ff8b34d0000 - 0x00007ff8b385f000 	C:\WINDOWS\System32\combase.dll
0x00007ff8b2a70000 - 0x00007ff8b2b47000 	C:\WINDOWS\System32\OLEAUT32.dll
0x00007ff88c310000 - 0x00007ff88c342000 	C:\WINDOWS\SYSTEM32\dbgcore.DLL
0x00007ff8b2510000 - 0x00007ff8b258b000 	C:\WINDOWS\System32\bcryptPrimitives.dll
0x00007ff898980000 - 0x00007ff89899f000 	C:\Program Files\Eclipse Adoptium\jdk-21.0.4.7-hotspot\bin\java.dll
0x00007ff8b41e0000 - 0x00007ff8b4a56000 	C:\WINDOWS\System32\SHELL32.dll
0x00007ff8aff40000 - 0x00007ff8b0843000 	C:\WINDOWS\SYSTEM32\windows.storage.dll
0x00007ff8afe00000 - 0x00007ff8aff3f000 	C:\WINDOWS\SYSTEM32\wintypes.dll
0x00007ff8b4c10000 - 0x00007ff8b4d09000 	C:\WINDOWS\System32\SHCORE.dll
0x00007ff8b4150000 - 0x00007ff8b41ae000 	C:\WINDOWS\System32\shlwapi.dll
0x00007ff8b1f80000 - 0x00007ff8b1fab000 	C:\WINDOWS\SYSTEM32\profapi.dll
0x00007ff878980000 - 0x00007ff878a57000 	C:\Program Files\Eclipse Adoptium\jdk-21.0.4.7-hotspot\bin\jsvml.dll
0x00007ff8a0f30000 - 0x00007ff8a0f40000 	C:\Program Files\Eclipse Adoptium\jdk-21.0.4.7-hotspot\bin\net.dll
0x00007ff8ad620000 - 0x00007ff8ad756000 	C:\WINDOWS\SYSTEM32\WINHTTP.dll
0x00007ff8b14c0000 - 0x00007ff8b1529000 	C:\WINDOWS\system32\mswsock.dll
0x00007ff8935a0000 - 0x00007ff8935b6000 	C:\Program Files\Eclipse Adoptium\jdk-21.0.4.7-hotspot\bin\nio.dll
0x00007ff8947a0000 - 0x00007ff8947b8000 	C:\Program Files\Eclipse Adoptium\jdk-21.0.4.7-hotspot\bin\zip.dll
0x00007ff8908a0000 - 0x00007ff89091b000 	C:\Users\Roy\AppData\Local\Temp\lwjgl_Roy\3.3.3+5\x64\lwjgl.dll
0x00007ff8870d0000 - 0x00007ff887152000 	C:\Users\Roy\AppData\Local\Temp\lwjgl_Roy\3.3.3+5\x64\glfw.dll
0x00007ff898ac0000 - 0x00007ff898b06000 	C:\WINDOWS\SYSTEM32\dinput8.dll
0x00007ff8a2910000 - 0x00007ff8a2921000 	C:\WINDOWS\SYSTEM32\xinput1_4.dll
0x00007ff8b1d40000 - 0x00007ff8b1d8e000 	C:\WINDOWS\SYSTEM32\cfgmgr32.dll
0x00007ff8b1d10000 - 0x00007ff8b1d3c000 	C:\WINDOWS\SYSTEM32\DEVOBJ.dll
0x00007ff8af450000 - 0x00007ff8af47b000 	C:\WINDOWS\SYSTEM32\dwmapi.dll
0x00007ff8af1e0000 - 0x00007ff8af291000 	C:\WINDOWS\system32\uxtheme.dll
0x00007ff891f30000 - 0x00007ff892143000 	C:\WINDOWS\SYSTEM32\inputhost.dll
0x00007ff8aad30000 - 0x00007ff8aae63000 	C:\WINDOWS\SYSTEM32\CoreMessaging.dll
0x00007ff8b2dd0000 - 0x00007ff8b2f30000 	C:\WINDOWS\System32\MSCTF.dll
0x00007ff8b17f0000 - 0x00007ff8b17fc000 	C:\WINDOWS\SYSTEM32\CRYPTBASE.DLL
0x00007ff8989a0000 - 0x00007ff898aa0000 	C:\WINDOWS\SYSTEM32\opengl32.dll
0x00007ff88d090000 - 0x00007ff88d0bd000 	C:\WINDOWS\SYSTEM32\GLU32.dll
0x00007ff8af2f0000 - 0x00007ff8af327000 	C:\WINDOWS\SYSTEM32\dxcore.dll
0x00007ff8a7840000 - 0x00007ff8a7889000 	C:\WINDOWS\SYSTEM32\directxdatabasehelper.dll
0x00007ff8b3e40000 - 0x00007ff8b3ef0000 	C:\WINDOWS\System32\clbcatq.dll
0x00007ff88e1f0000 - 0x00007ff88e21c000 	C:\WINDOWS\System32\DriverStore\FileRepository\u0376884.inf_amd64_6831c6ef75046906\B376870\atig6pxx.dll
0x00007ff84e170000 - 0x00007ff850fb3000 	C:\WINDOWS\System32\DriverStore\FileRepository\u0376884.inf_amd64_6831c6ef75046906\B376870\atio6axx.dll
0x00007ff8b38f0000 - 0x00007ff8b3d64000 	C:\WINDOWS\System32\SETUPAPI.dll
0x00007ff8b4a60000 - 0x00007ff8b4c05000 	C:\WINDOWS\System32\ole32.dll
0x00007ff84e140000 - 0x00007ff84e165000 	C:\WINDOWS\SYSTEM32\dxva2.dll
0x00007ff84e100000 - 0x00007ff84e13f000 	C:\WINDOWS\System32\DriverStore\FileRepository\u0376884.inf_amd64_6831c6ef75046906\B376870\atig6txx.dll
0x00007ff84df30000 - 0x00007ff84e0fc000 	C:\WINDOWS\SYSTEM32\atiadlxx.dll
0x00007ff8b2f40000 - 0x00007ff8b2f48000 	C:\WINDOWS\System32\PSAPI.DLL
0x00007ff8ae3b0000 - 0x00007ff8ae4b1000 	C:\WINDOWS\SYSTEM32\PROPSYS.dll
0x00007ff8ab300000 - 0x00007ff8ab350000 	C:\WINDOWS\SYSTEM32\pdh.dll
0x00007ff8b2080000 - 0x00007ff8b20ec000 	C:\WINDOWS\System32\WINTRUST.dll
0x00007ff8b23a0000 - 0x00007ff8b2506000 	C:\WINDOWS\System32\CRYPT32.dll
0x00007ff8b1860000 - 0x00007ff8b1872000 	C:\WINDOWS\SYSTEM32\MSASN1.dll
0x00007ff8a70a0000 - 0x00007ff8a71e5000 	C:\WINDOWS\SYSTEM32\textinputframework.dll
0x00007ff8a6c90000 - 0x00007ff8a6ffd000 	C:\WINDOWS\SYSTEM32\CoreUIComponents.dll
0x00007ff8926b0000 - 0x00007ff89270e000 	C:\Users\Roy\AppData\Local\Temp\lwjgl_Roy\3.3.3+5\x64\lwjgl_opengl.dll
0x00007ff861ac0000 - 0x00007ff861c4e000 	C:\Program Files\Eclipse Adoptium\jdk-21.0.4.7-hotspot\bin\awt.dll
0x00007ff8ab1d0000 - 0x00007ff8ab267000 	C:\WINDOWS\SYSTEM32\apphelp.dll
0x00007ff8b1810000 - 0x00007ff8b182b000 	C:\WINDOWS\SYSTEM32\CRYPTSP.dll
0x00007ff8b0fb0000 - 0x00007ff8b0fe5000 	C:\WINDOWS\system32\rsaenh.dll
0x00007ff8b1560000 - 0x00007ff8b1588000 	C:\WINDOWS\SYSTEM32\USERENV.dll
0x00007ff8b0ab0000 - 0x00007ff8b0add000 	C:\WINDOWS\SYSTEM32\IPHLPAPI.DLL
0x00007ff8b34c0000 - 0x00007ff8b34c9000 	C:\WINDOWS\System32\NSI.dll

dbghelp: loaded successfully - version: 4.0.5 - missing functions: none
symbol engine: initialized successfully - sym options: 0x614 - pdb path: .;C:\Program Files\Eclipse Adoptium\jdk-21.0.4.7-hotspot\bin;C:\WINDOWS\SYSTEM32;C:\WINDOWS\WinSxS\amd64_microsoft.windows.common-controls_6595b64144ccf1df_6.0.22621.4391_none_2715d37f73803e96;C:\Program Files\Eclipse Adoptium\jdk-21.0.4.7-hotspot\bin\server;C:\Users\Roy\AppData\Local\Temp\lwjgl_Roy\3.3.3+5\x64;C:\WINDOWS\System32\DriverStore\FileRepository\u0376884.inf_amd64_6831c6ef75046906\B376870

VM Arguments:
jvm_args: -Dfile.encoding=UTF-8 -Duser.country=US -Duser.language=en -Duser.variant 
java_command: ch.fhnw.comgr.OpenGL
java_class_path (initial): C:\Users\Roy\module\comgr\part_c\build\classes\java\main;C:\Users\Roy\module\comgr\part_c\build\resources\main;C:\Users\Roy\.gradle\caches\modules-2\files-2.1\org.lwjgl\lwjgl-assimp\3.3.3\c2c34011cbda30ed8cf98bc5cbf97b49afe5279a\lwjgl-assimp-3.3.3.jar;C:\Users\Roy\.gradle\caches\modules-2\files-2.1\org.lwjgl\lwjgl-assimp\3.3.3\d90ccdade594716062975cffd1431d387f770ac4\lwjgl-assimp-3.3.3-natives-windows.jar;C:\Users\Roy\.gradle\caches\modules-2\files-2.1\org.lwjgl\lwjgl-glfw\3.3.3\efa1eb78c5ccd840e9f329717109b5e892d72f8e\lwjgl-glfw-3.3.3.jar;C:\Users\Roy\.gradle\caches\modules-2\files-2.1\org.lwjgl\lwjgl-glfw\3.3.3\e449e28b4891fc423c54c85fbc5bb0b9efece67a\lwjgl-glfw-3.3.3-natives-windows.jar;C:\Users\Roy\.gradle\caches\modules-2\files-2.1\org.lwjgl\lwjgl-opengl\3.3.3\2f6b0147078396a58979125a4c947664e98293a\lwjgl-opengl-3.3.3.jar;C:\Users\Roy\.gradle\caches\modules-2\files-2.1\org.lwjgl\lwjgl-opengl\3.3.3\e6c1eec8be8a71951b830a4d69efc01c6531900c\lwjgl-opengl-3.3.3-natives-windows.jar;C:\Users\Roy\.gradle\caches\modules-2\files-2.1\org.lwjgl\lwjgl\3.3.3\29589b5f87ed335a6c7e7ee6a5775f81f97ecb84\lwjgl-3.3.3.jar;C:\Users\Roy\.gradle\caches\modules-2\files-2.1\org.lwjgl\lwjgl\3.3.3\a5ed18a2b82fc91b81f40d717cb1f64c9dcb0540\lwjgl-3.3.3-natives-windows.jar
Launcher Type: SUN_STANDARD

[Global flags]
     intx CICompilerCount                          = 12                                        {product} {ergonomic}
     uint ConcGCThreads                            = 3                                         {product} {ergonomic}
     uint G1ConcRefinementThreads                  = 13                                        {product} {ergonomic}
   size_t G1HeapRegionSize                         = 4194304                                   {product} {ergonomic}
    uintx GCDrainStackTargetSize                   = 64                                        {product} {ergonomic}
   size_t InitialHeapSize                          = 524288000                                 {product} {ergonomic}
   size_t MarkStackSize                            = 4194304                                   {product} {ergonomic}
   size_t MaxHeapSize                              = 8384413696                                {product} {ergonomic}
   size_t MaxNewSize                               = 5028970496                                {product} {ergonomic}
   size_t MinHeapDeltaBytes                        = 4194304                                   {product} {ergonomic}
   size_t MinHeapSize                              = 8388608                                   {product} {ergonomic}
    uintx NonNMethodCodeHeapSize                   = 7602480                                {pd product} {ergonomic}
    uintx NonProfiledCodeHeapSize                  = 122027880                              {pd product} {ergonomic}
    uintx ProfiledCodeHeapSize                     = 122027880                              {pd product} {ergonomic}
    uintx ReservedCodeCacheSize                    = 251658240                              {pd product} {ergonomic}
     bool SegmentedCodeCache                       = true                                      {product} {ergonomic}
   size_t SoftMaxHeapSize                          = 8384413696                             {manageable} {ergonomic}
     bool UseCompressedOops                        = true                           {product lp64_product} {ergonomic}
     bool UseG1GC                                  = true                                      {product} {ergonomic}
     bool UseLargePagesIndividualAllocation        = false                                  {pd product} {ergonomic}

Logging:
Log output configuration:
 #0: stdout all=warning uptime,level,tags foldmultilines=false
 #1: stderr all=off uptime,level,tags foldmultilines=false

Environment Variables:
PATH=C:\Program Files (x86)\Common Files\Oracle\Java\java8path;C:\Program Files (x86)\Common Files\Oracle\Java\javapath;C:\Program Files\Eclipse Adoptium\jdk-8.0.422.5-hotspot\bin;C:\Program Files\Eclipse Adoptium\jdk-21.0.4.7-hotspot\bin;C:\Program Files\Eclipse Adoptium\jdk-17.0.12.7-hotspot\bin;C:\Program Files (x86)\VMware\VMware Player\bin\;C:\WINDOWS\system32;C:\WINDOWS;C:\WINDOWS\System32\Wbem;C:\WINDOWS\System32\WindowsPowerShell\v1.0\;C:\WINDOWS\System32\OpenSSH\;C:\Program Files\dotnet\;C:\Program Files\Microsoft SQL Server\150\Tools\Binn\;C:\ProgramData\chocolatey\bin;C:\tools\BCURRAN3;C:\Program Files\RedHat\Podman\;C:\Program Files (x86)\Windows Kits\10\Windows Performance Toolkit\;C:\Program Files\Git LFS;C:\Program Files\Docker\Docker\resources\bin;C:\Program Files\Git\cmd;C:\Users\Roy\AppData\Local\Microsoft\WindowsApps;C:\Users\Roy\AppData\Local\JetBrains\Toolbox\scripts
USERNAME=Roy
OS=Windows_NT
PROCESSOR_IDENTIFIER=AMD64 Family 23 Model 96 Stepping 1, AuthenticAMD
TMP=C:\Users\Roy\AppData\Local\Temp
TEMP=C:\Users\Roy\AppData\Local\Temp




Periodic native trim disabled

---------------  S Y S T E M  ---------------

OS:
 Windows 11 , 64 bit Build 22621 (10.0.22621.4391)
OS uptime: 5 days 20:39 hours
Hyper-V role detected

CPU: total 16 (initial active 16) (16 cores per cpu, 2 threads per core) family 23 model 96 stepping 1 microcode 0x0, cx8, cmov, fxsr, ht, mmx, 3dnowpref, sse, sse2, sse3, ssse3, sse4a, sse4.1, sse4.2, popcnt, lzcnt, tsc, tscinvbit, avx, avx2, aes, clmul, bmi1, bmi2, adx, sha, fma, vzeroupper, clflush, clflushopt, hv, rdtscp, rdpid, f16c
Processor Information for all 16 processors :
  Max Mhz: 1700, Current Mhz: 1700, Mhz Limit: 1700

Memory: 4k page, system-wide physical 31975M (15941M free)
TotalPageFile size 34663M (AvailPageFile size 15636M)
current process WorkingSet (physical memory assigned to process): 573M, peak: 576M
current process commit charge ("private bytes"): 1017M, peak: 1020M

vm_info: OpenJDK 64-Bit Server VM (21.0.4+7-LTS) for windows-amd64 JRE (21.0.4+7-LTS), built on 2024-07-16T00:00:00Z by "admin" with MS VC++ 17.7 (VS2022)

END.
